2023-09-13T19:29:25.001+0530 [INFO]  Terraform version: 1.5.6
2023-09-13T19:29:25.001+0530 [DEBUG] using github.com/hashicorp/go-tfe v1.26.0
2023-09-13T19:29:25.001+0530 [DEBUG] using github.com/hashicorp/hcl/v2 v2.16.2
2023-09-13T19:29:25.001+0530 [DEBUG] using github.com/hashicorp/terraform-svchost v0.1.0
2023-09-13T19:29:25.001+0530 [DEBUG] using github.com/zclconf/go-cty v1.12.2
2023-09-13T19:29:25.001+0530 [INFO]  Go runtime version: go1.20.7
2023-09-13T19:29:25.001+0530 [INFO]  CLI args: []string{"terraform", "plan"}
2023-09-13T19:29:25.001+0530 [DEBUG] Attempting to open CLI config file: /home/tej/.terraformrc
2023-09-13T19:29:25.001+0530 [DEBUG] File doesn't exist, but doesn't need to. Ignoring.
2023-09-13T19:29:25.001+0530 [DEBUG] ignoring non-existing provider search directory terraform.d/plugins
2023-09-13T19:29:25.001+0530 [DEBUG] ignoring non-existing provider search directory /home/tej/.terraform.d/plugins
2023-09-13T19:29:25.001+0530 [DEBUG] ignoring non-existing provider search directory /home/tej/.local/share/terraform/plugins
2023-09-13T19:29:25.001+0530 [DEBUG] ignoring non-existing provider search directory /usr/share/ubuntu/terraform/plugins
2023-09-13T19:29:25.001+0530 [DEBUG] ignoring non-existing provider search directory /usr/local/share/terraform/plugins
2023-09-13T19:29:25.001+0530 [DEBUG] ignoring non-existing provider search directory /usr/share/terraform/plugins
2023-09-13T19:29:25.001+0530 [DEBUG] ignoring non-existing provider search directory /var/lib/snapd/desktop/terraform/plugins
2023-09-13T19:29:25.001+0530 [INFO]  CLI command args: []string{"plan"}
2023-09-13T19:29:25.002+0530 [DEBUG] New state was assigned lineage "85a1ef21-9cde-2d9f-6339-2308fa0e0ea0"
2023-09-13T19:29:25.834+0530 [DEBUG] checking for provisioner in "."
2023-09-13T19:29:25.837+0530 [DEBUG] checking for provisioner in "/usr/bin"
2023-09-13T19:29:25.838+0530 [INFO]  backend/local: starting Plan operation
2023-09-13T19:29:25.838+0530 [DEBUG] created provider logger: level=debug
2023-09-13T19:29:25.838+0530 [INFO]  provider: configuring client automatic mTLS
2023-09-13T19:29:25.855+0530 [DEBUG] provider: starting plugin: path=.terraform/providers/registry.terraform.io/hashicorp/aws/4.60.0/linux_amd64/terraform-provider-aws_v4.60.0_x5 args=[.terraform/providers/registry.terraform.io/hashicorp/aws/4.60.0/linux_amd64/terraform-provider-aws_v4.60.0_x5]
2023-09-13T19:29:25.855+0530 [DEBUG] provider: plugin started: path=.terraform/providers/registry.terraform.io/hashicorp/aws/4.60.0/linux_amd64/terraform-provider-aws_v4.60.0_x5 pid=10224
2023-09-13T19:29:25.855+0530 [DEBUG] provider: waiting for RPC address: path=.terraform/providers/registry.terraform.io/hashicorp/aws/4.60.0/linux_amd64/terraform-provider-aws_v4.60.0_x5
2023-09-13T19:29:26.011+0530 [INFO]  provider.terraform-provider-aws_v4.60.0_x5: configuring server automatic mTLS: timestamp=2023-09-13T19:29:26.011+0530
2023-09-13T19:29:26.028+0530 [DEBUG] provider: using plugin: version=5
2023-09-13T19:29:26.028+0530 [DEBUG] provider.terraform-provider-aws_v4.60.0_x5: plugin address: address=/tmp/plugin3817565463 network=unix timestamp=2023-09-13T19:29:26.028+0530
2023-09-13T19:29:26.300+0530 [DEBUG] provider.stdio: received EOF, stopping recv loop: err="rpc error: code = Unavailable desc = error reading from server: EOF"
2023-09-13T19:29:26.307+0530 [DEBUG] provider: plugin process exited: path=.terraform/providers/registry.terraform.io/hashicorp/aws/4.60.0/linux_amd64/terraform-provider-aws_v4.60.0_x5 pid=10224
2023-09-13T19:29:26.307+0530 [DEBUG] provider: plugin exited
2023-09-13T19:29:26.307+0530 [DEBUG] Building and walking validate graph
2023-09-13T19:29:26.308+0530 [DEBUG] ProviderTransformer: "module.bucket.aws_s3_bucket.statebucket" (*terraform.NodeValidatableResource) needs provider["registry.terraform.io/hashicorp/aws"]
2023-09-13T19:29:26.308+0530 [DEBUG] ReferenceTransformer: "module.bucket.aws_s3_bucket.statebucket" references: []
2023-09-13T19:29:26.309+0530 [DEBUG] ReferenceTransformer: "module.bucket.var.dynamodbname (expand)" references: []
2023-09-13T19:29:26.309+0530 [DEBUG] ReferenceTransformer: "provider[\"registry.terraform.io/hashicorp/aws\"]" references: []
2023-09-13T19:29:26.309+0530 [DEBUG] ReferenceTransformer: "module.bucket (expand)" references: []
2023-09-13T19:29:26.309+0530 [DEBUG] ReferenceTransformer: "module.bucket (close)" references: []
2023-09-13T19:29:26.309+0530 [DEBUG] Starting graph walk: walkValidate
2023-09-13T19:29:26.310+0530 [DEBUG] created provider logger: level=debug
2023-09-13T19:29:26.310+0530 [INFO]  provider: configuring client automatic mTLS
2023-09-13T19:29:26.318+0530 [DEBUG] provider: starting plugin: path=.terraform/providers/registry.terraform.io/hashicorp/aws/4.60.0/linux_amd64/terraform-provider-aws_v4.60.0_x5 args=[.terraform/providers/registry.terraform.io/hashicorp/aws/4.60.0/linux_amd64/terraform-provider-aws_v4.60.0_x5]
2023-09-13T19:29:26.318+0530 [DEBUG] provider: plugin started: path=.terraform/providers/registry.terraform.io/hashicorp/aws/4.60.0/linux_amd64/terraform-provider-aws_v4.60.0_x5 pid=10237
2023-09-13T19:29:26.318+0530 [DEBUG] provider: waiting for RPC address: path=.terraform/providers/registry.terraform.io/hashicorp/aws/4.60.0/linux_amd64/terraform-provider-aws_v4.60.0_x5
2023-09-13T19:29:26.486+0530 [INFO]  provider.terraform-provider-aws_v4.60.0_x5: configuring server automatic mTLS: timestamp=2023-09-13T19:29:26.486+0530
2023-09-13T19:29:26.504+0530 [DEBUG] provider: using plugin: version=5
2023-09-13T19:29:26.504+0530 [DEBUG] provider.terraform-provider-aws_v4.60.0_x5: plugin address: address=/tmp/plugin3350448745 network=unix timestamp=2023-09-13T19:29:26.504+0530
2023-09-13T19:29:26.703+0530 [DEBUG] provider.terraform-provider-aws_v4.60.0_x5: Calling provider defined Type Validate: tf_req_id=f9d7e814-2de2-e373-7c2c-6c27b075beaf tf_rpc=PrepareProviderConfig tf_attribute_path=shared_credentials_files tf_provider_addr=registry.terraform.io/hashicorp/aws @caller=github.com/hashicorp/terraform-plugin-framework@v1.1.1/internal/fwschemadata/data_value.go:78 @module=sdk.framework tf_mux_provider=*proto5server.Server timestamp=2023-09-13T19:29:26.703+0530
2023-09-13T19:29:26.703+0530 [DEBUG] provider.terraform-provider-aws_v4.60.0_x5: Called provider defined Type Validate: @caller=github.com/hashicorp/terraform-plugin-framework@v1.1.1/internal/fwschemadata/data_value.go:80 @module=sdk.framework tf_attribute_path=shared_credentials_files tf_mux_provider=*proto5server.Server tf_provider_addr=registry.terraform.io/hashicorp/aws tf_req_id=f9d7e814-2de2-e373-7c2c-6c27b075beaf tf_rpc=PrepareProviderConfig timestamp=2023-09-13T19:29:26.703+0530
2023-09-13T19:29:26.703+0530 [DEBUG] provider.terraform-provider-aws_v4.60.0_x5: Calling provider defined Type Validate: tf_mux_provider=*proto5server.Server tf_rpc=PrepareProviderConfig @caller=github.com/hashicorp/terraform-plugin-framework@v1.1.1/internal/fwschemadata/data_value.go:78 @module=sdk.framework tf_attribute_path=forbidden_account_ids tf_provider_addr=registry.terraform.io/hashicorp/aws tf_req_id=f9d7e814-2de2-e373-7c2c-6c27b075beaf timestamp=2023-09-13T19:29:26.703+0530
2023-09-13T19:29:26.703+0530 [DEBUG] provider.terraform-provider-aws_v4.60.0_x5: Called provider defined Type Validate: @caller=github.com/hashicorp/terraform-plugin-framework@v1.1.1/internal/fwschemadata/data_value.go:80 @module=sdk.framework tf_attribute_path=forbidden_account_ids tf_mux_provider=*proto5server.Server tf_req_id=f9d7e814-2de2-e373-7c2c-6c27b075beaf tf_provider_addr=registry.terraform.io/hashicorp/aws tf_rpc=PrepareProviderConfig timestamp=2023-09-13T19:29:26.703+0530
2023-09-13T19:29:26.703+0530 [DEBUG] provider.terraform-provider-aws_v4.60.0_x5: Calling provider defined Type Validate: tf_req_id=f9d7e814-2de2-e373-7c2c-6c27b075beaf tf_rpc=PrepareProviderConfig tf_provider_addr=registry.terraform.io/hashicorp/aws @module=sdk.framework tf_attribute_path=allowed_account_ids tf_mux_provider=*proto5server.Server @caller=github.com/hashicorp/terraform-plugin-framework@v1.1.1/internal/fwschemadata/data_value.go:78 timestamp=2023-09-13T19:29:26.703+0530
2023-09-13T19:29:26.703+0530 [DEBUG] provider.terraform-provider-aws_v4.60.0_x5: Called provider defined Type Validate: tf_rpc=PrepareProviderConfig @module=sdk.framework tf_attribute_path=allowed_account_ids tf_mux_provider=*proto5server.Server tf_provider_addr=registry.terraform.io/hashicorp/aws tf_req_id=f9d7e814-2de2-e373-7c2c-6c27b075beaf @caller=github.com/hashicorp/terraform-plugin-framework@v1.1.1/internal/fwschemadata/data_value.go:80 timestamp=2023-09-13T19:29:26.703+0530
2023-09-13T19:29:26.703+0530 [DEBUG] provider.terraform-provider-aws_v4.60.0_x5: Calling provider defined Type Validate: tf_rpc=PrepareProviderConfig @caller=github.com/hashicorp/terraform-plugin-framework@v1.1.1/internal/fwschemadata/data_value.go:78 tf_attribute_path=shared_config_files tf_provider_addr=registry.terraform.io/hashicorp/aws tf_req_id=f9d7e814-2de2-e373-7c2c-6c27b075beaf @module=sdk.framework tf_mux_provider=*proto5server.Server timestamp=2023-09-13T19:29:26.703+0530
2023-09-13T19:29:26.703+0530 [DEBUG] provider.terraform-provider-aws_v4.60.0_x5: Called provider defined Type Validate: tf_attribute_path=shared_config_files tf_mux_provider=*proto5server.Server tf_provider_addr=registry.terraform.io/hashicorp/aws @module=sdk.framework tf_req_id=f9d7e814-2de2-e373-7c2c-6c27b075beaf tf_rpc=PrepareProviderConfig @caller=github.com/hashicorp/terraform-plugin-framework@v1.1.1/internal/fwschemadata/data_value.go:80 timestamp=2023-09-13T19:29:26.703+0530
2023-09-13T19:29:26.704+0530 [DEBUG] provider.terraform-provider-aws_v4.60.0_x5: Calling provider defined Type Validate: tf_attribute_path=max_retries tf_provider_addr=registry.terraform.io/hashicorp/aws @module=sdk.framework tf_mux_provider=*proto5server.Server tf_req_id=f9d7e814-2de2-e373-7c2c-6c27b075beaf tf_rpc=PrepareProviderConfig @caller=github.com/hashicorp/terraform-plugin-framework@v1.1.1/internal/fwschemadata/data_value.go:78 timestamp=2023-09-13T19:29:26.703+0530
2023-09-13T19:29:26.704+0530 [DEBUG] provider.terraform-provider-aws_v4.60.0_x5: Called provider defined Type Validate: tf_mux_provider=*proto5server.Server tf_provider_addr=registry.terraform.io/hashicorp/aws tf_req_id=f9d7e814-2de2-e373-7c2c-6c27b075beaf tf_rpc=PrepareProviderConfig @caller=github.com/hashicorp/terraform-plugin-framework@v1.1.1/internal/fwschemadata/data_value.go:80 @module=sdk.framework tf_attribute_path=max_retries timestamp=2023-09-13T19:29:26.703+0530
2023-09-13T19:29:26.704+0530 [DEBUG] provider.terraform-provider-aws_v4.60.0_x5: Calling provider defined Type Validate: @caller=github.com/hashicorp/terraform-plugin-framework@v1.1.1/internal/fwschemadata/data_value.go:78 tf_provider_addr=registry.terraform.io/hashicorp/aws tf_req_id=f9d7e814-2de2-e373-7c2c-6c27b075beaf tf_rpc=PrepareProviderConfig @module=sdk.framework tf_mux_provider=*proto5server.Server timestamp=2023-09-13T19:29:26.704+0530
2023-09-13T19:29:26.704+0530 [DEBUG] provider.terraform-provider-aws_v4.60.0_x5: Called provider defined Type Validate: @caller=github.com/hashicorp/terraform-plugin-framework@v1.1.1/internal/fwschemadata/data_value.go:80 @module=sdk.framework tf_mux_provider=*proto5server.Server tf_provider_addr=registry.terraform.io/hashicorp/aws tf_req_id=f9d7e814-2de2-e373-7c2c-6c27b075beaf tf_rpc=PrepareProviderConfig timestamp=2023-09-13T19:29:26.704+0530
2023-09-13T19:29:26.704+0530 [DEBUG] provider.terraform-provider-aws_v4.60.0_x5: Calling provider defined validator.List: @module=sdk.framework description="list must contain at most 1 elements" tf_mux_provider=*proto5server.Server tf_provider_addr=registry.terraform.io/hashicorp/aws @caller=github.com/hashicorp/terraform-plugin-framework@v1.1.1/internal/fwserver/block_validation.go:214 tf_req_id=f9d7e814-2de2-e373-7c2c-6c27b075beaf tf_rpc=PrepareProviderConfig timestamp=2023-09-13T19:29:26.704+0530
2023-09-13T19:29:26.704+0530 [DEBUG] provider.terraform-provider-aws_v4.60.0_x5: Called provider defined validator.List: @caller=github.com/hashicorp/terraform-plugin-framework@v1.1.1/internal/fwserver/block_validation.go:224 description="list must contain at most 1 elements" tf_req_id=f9d7e814-2de2-e373-7c2c-6c27b075beaf @module=sdk.framework tf_mux_provider=*proto5server.Server tf_provider_addr=registry.terraform.io/hashicorp/aws tf_rpc=PrepareProviderConfig timestamp=2023-09-13T19:29:26.704+0530
2023-09-13T19:29:26.704+0530 [DEBUG] provider.terraform-provider-aws_v4.60.0_x5: Calling provider defined Type Validate: tf_mux_provider=*proto5server.Server tf_rpc=PrepareProviderConfig @module=sdk.framework tf_provider_addr=registry.terraform.io/hashicorp/aws tf_req_id=f9d7e814-2de2-e373-7c2c-6c27b075beaf @caller=github.com/hashicorp/terraform-plugin-framework@v1.1.1/internal/fwschemadata/data_value.go:78 timestamp=2023-09-13T19:29:26.704+0530
2023-09-13T19:29:26.704+0530 [DEBUG] provider.terraform-provider-aws_v4.60.0_x5: Called provider defined Type Validate: tf_mux_provider=*proto5server.Server tf_provider_addr=registry.terraform.io/hashicorp/aws tf_req_id=f9d7e814-2de2-e373-7c2c-6c27b075beaf tf_rpc=PrepareProviderConfig @caller=github.com/hashicorp/terraform-plugin-framework@v1.1.1/internal/fwschemadata/data_value.go:80 @module=sdk.framework timestamp=2023-09-13T19:29:26.704+0530
2023-09-13T19:29:26.704+0530 [DEBUG] provider.terraform-provider-aws_v4.60.0_x5: Calling provider defined validator.List: tf_req_id=f9d7e814-2de2-e373-7c2c-6c27b075beaf @caller=github.com/hashicorp/terraform-plugin-framework@v1.1.1/internal/fwserver/block_validation.go:214 @module=sdk.framework description="list must contain at most 1 elements" tf_mux_provider=*proto5server.Server tf_provider_addr=registry.terraform.io/hashicorp/aws tf_rpc=PrepareProviderConfig timestamp=2023-09-13T19:29:26.704+0530
2023-09-13T19:29:26.704+0530 [DEBUG] provider.terraform-provider-aws_v4.60.0_x5: Called provider defined validator.List: @module=sdk.framework description="list must contain at most 1 elements" tf_provider_addr=registry.terraform.io/hashicorp/aws tf_rpc=PrepareProviderConfig @caller=github.com/hashicorp/terraform-plugin-framework@v1.1.1/internal/fwserver/block_validation.go:224 tf_mux_provider=*proto5server.Server tf_req_id=f9d7e814-2de2-e373-7c2c-6c27b075beaf timestamp=2023-09-13T19:29:26.704+0530
2023-09-13T19:29:26.704+0530 [DEBUG] provider.terraform-provider-aws_v4.60.0_x5: Calling provider defined Type Validate: @caller=github.com/hashicorp/terraform-plugin-framework@v1.1.1/internal/fwschemadata/data_value.go:78 tf_provider_addr=registry.terraform.io/hashicorp/aws @module=sdk.framework tf_mux_provider=*proto5server.Server tf_req_id=f9d7e814-2de2-e373-7c2c-6c27b075beaf tf_rpc=PrepareProviderConfig timestamp=2023-09-13T19:29:26.704+0530
2023-09-13T19:29:26.704+0530 [DEBUG] provider.terraform-provider-aws_v4.60.0_x5: Called provider defined Type Validate: @caller=github.com/hashicorp/terraform-plugin-framework@v1.1.1/internal/fwschemadata/data_value.go:80 @module=sdk.framework tf_req_id=f9d7e814-2de2-e373-7c2c-6c27b075beaf tf_mux_provider=*proto5server.Server tf_provider_addr=registry.terraform.io/hashicorp/aws tf_rpc=PrepareProviderConfig timestamp=2023-09-13T19:29:26.704+0530
2023-09-13T19:29:26.704+0530 [DEBUG] provider.terraform-provider-aws_v4.60.0_x5: Calling provider defined validator.List: tf_provider_addr=registry.terraform.io/hashicorp/aws @caller=github.com/hashicorp/terraform-plugin-framework@v1.1.1/internal/fwserver/block_validation.go:214 tf_mux_provider=*proto5server.Server tf_req_id=f9d7e814-2de2-e373-7c2c-6c27b075beaf tf_rpc=PrepareProviderConfig @module=sdk.framework description="list must contain at most 1 elements" timestamp=2023-09-13T19:29:26.704+0530
2023-09-13T19:29:26.704+0530 [DEBUG] provider.terraform-provider-aws_v4.60.0_x5: Called provider defined validator.List: @module=sdk.framework description="list must contain at most 1 elements" tf_mux_provider=*proto5server.Server @caller=github.com/hashicorp/terraform-plugin-framework@v1.1.1/internal/fwserver/block_validation.go:224 tf_provider_addr=registry.terraform.io/hashicorp/aws tf_req_id=f9d7e814-2de2-e373-7c2c-6c27b075beaf tf_rpc=PrepareProviderConfig timestamp=2023-09-13T19:29:26.704+0530
2023-09-13T19:29:26.704+0530 [DEBUG] provider.terraform-provider-aws_v4.60.0_x5: Calling provider defined Type Validate: @caller=github.com/hashicorp/terraform-plugin-framework@v1.1.1/internal/fwschemadata/data_value.go:78 tf_mux_provider=*proto5server.Server tf_provider_addr=registry.terraform.io/hashicorp/aws tf_req_id=f9d7e814-2de2-e373-7c2c-6c27b075beaf tf_rpc=PrepareProviderConfig @module=sdk.framework timestamp=2023-09-13T19:29:26.704+0530
2023-09-13T19:29:26.704+0530 [DEBUG] provider.terraform-provider-aws_v4.60.0_x5: Called provider defined Type Validate: @module=sdk.framework tf_mux_provider=*proto5server.Server tf_provider_addr=registry.terraform.io/hashicorp/aws @caller=github.com/hashicorp/terraform-plugin-framework@v1.1.1/internal/fwschemadata/data_value.go:80 tf_req_id=f9d7e814-2de2-e373-7c2c-6c27b075beaf tf_rpc=PrepareProviderConfig timestamp=2023-09-13T19:29:26.704+0530
2023-09-13T19:29:26.704+0530 [DEBUG] provider.terraform-provider-aws_v4.60.0_x5: Calling provider defined validator.List: tf_rpc=PrepareProviderConfig @caller=github.com/hashicorp/terraform-plugin-framework@v1.1.1/internal/fwserver/block_validation.go:214 tf_provider_addr=registry.terraform.io/hashicorp/aws @module=sdk.framework description="list must contain at most 1 elements" tf_mux_provider=*proto5server.Server tf_req_id=f9d7e814-2de2-e373-7c2c-6c27b075beaf timestamp=2023-09-13T19:29:26.704+0530
2023-09-13T19:29:26.704+0530 [DEBUG] provider.terraform-provider-aws_v4.60.0_x5: Called provider defined validator.List: description="list must contain at most 1 elements" tf_rpc=PrepareProviderConfig @caller=github.com/hashicorp/terraform-plugin-framework@v1.1.1/internal/fwserver/block_validation.go:224 @module=sdk.framework tf_req_id=f9d7e814-2de2-e373-7c2c-6c27b075beaf tf_mux_provider=*proto5server.Server tf_provider_addr=registry.terraform.io/hashicorp/aws timestamp=2023-09-13T19:29:26.704+0530
2023-09-13T19:29:26.704+0530 [DEBUG] provider.terraform-provider-aws_v4.60.0_x5: Calling provider defined Type Validate: @caller=github.com/hashicorp/terraform-plugin-framework@v1.1.1/internal/fwschemadata/data_value.go:78 @module=sdk.framework tf_req_id=f9d7e814-2de2-e373-7c2c-6c27b075beaf tf_mux_provider=*proto5server.Server tf_provider_addr=registry.terraform.io/hashicorp/aws tf_rpc=PrepareProviderConfig timestamp=2023-09-13T19:29:26.704+0530
2023-09-13T19:29:26.704+0530 [DEBUG] provider.terraform-provider-aws_v4.60.0_x5: Called provider defined Type Validate: tf_mux_provider=*proto5server.Server tf_provider_addr=registry.terraform.io/hashicorp/aws tf_req_id=f9d7e814-2de2-e373-7c2c-6c27b075beaf @caller=github.com/hashicorp/terraform-plugin-framework@v1.1.1/internal/fwschemadata/data_value.go:80 @module=sdk.framework tf_rpc=PrepareProviderConfig timestamp=2023-09-13T19:29:26.704+0530
2023-09-13T19:29:26.707+0530 [DEBUG] provider.stdio: received EOF, stopping recv loop: err="rpc error: code = Unavailable desc = error reading from server: EOF"
2023-09-13T19:29:26.714+0530 [DEBUG] provider: plugin process exited: path=.terraform/providers/registry.terraform.io/hashicorp/aws/4.60.0/linux_amd64/terraform-provider-aws_v4.60.0_x5 pid=10237
2023-09-13T19:29:26.714+0530 [DEBUG] provider: plugin exited
2023-09-13T19:29:26.714+0530 [INFO]  backend/local: plan calling Plan
2023-09-13T19:29:26.714+0530 [DEBUG] Building and walking plan graph for NormalMode
2023-09-13T19:29:26.714+0530 [DEBUG] ProviderTransformer: "module.bucket.aws_s3_bucket.statebucket (expand)" (*terraform.nodeExpandPlannableResource) needs provider["registry.terraform.io/hashicorp/aws"]
2023-09-13T19:29:26.714+0530 [DEBUG] ReferenceTransformer: "module.bucket.aws_s3_bucket.statebucket (expand)" references: []
2023-09-13T19:29:26.714+0530 [DEBUG] ReferenceTransformer: "module.bucket.var.dynamodbname (expand)" references: []
2023-09-13T19:29:26.714+0530 [DEBUG] ReferenceTransformer: "provider[\"registry.terraform.io/hashicorp/aws\"]" references: []
2023-09-13T19:29:26.714+0530 [DEBUG] ReferenceTransformer: "module.bucket (expand)" references: []
2023-09-13T19:29:26.714+0530 [DEBUG] ReferenceTransformer: "module.bucket (close)" references: []
2023-09-13T19:29:26.715+0530 [DEBUG] Starting graph walk: walkPlan
2023-09-13T19:29:26.715+0530 [DEBUG] created provider logger: level=debug
2023-09-13T19:29:26.715+0530 [INFO]  provider: configuring client automatic mTLS
2023-09-13T19:29:26.722+0530 [DEBUG] provider: starting plugin: path=.terraform/providers/registry.terraform.io/hashicorp/aws/4.60.0/linux_amd64/terraform-provider-aws_v4.60.0_x5 args=[.terraform/providers/registry.terraform.io/hashicorp/aws/4.60.0/linux_amd64/terraform-provider-aws_v4.60.0_x5]
2023-09-13T19:29:26.722+0530 [DEBUG] provider: plugin started: path=.terraform/providers/registry.terraform.io/hashicorp/aws/4.60.0/linux_amd64/terraform-provider-aws_v4.60.0_x5 pid=10247
2023-09-13T19:29:26.722+0530 [DEBUG] provider: waiting for RPC address: path=.terraform/providers/registry.terraform.io/hashicorp/aws/4.60.0/linux_amd64/terraform-provider-aws_v4.60.0_x5
2023-09-13T19:29:26.891+0530 [INFO]  provider.terraform-provider-aws_v4.60.0_x5: configuring server automatic mTLS: timestamp=2023-09-13T19:29:26.891+0530
2023-09-13T19:29:26.908+0530 [DEBUG] provider.terraform-provider-aws_v4.60.0_x5: plugin address: address=/tmp/plugin2120010391 network=unix timestamp=2023-09-13T19:29:26.908+0530
2023-09-13T19:29:26.908+0530 [DEBUG] provider: using plugin: version=5
2023-09-13T19:29:27.083+0530 [DEBUG] provider.terraform-provider-aws_v4.60.0_x5: Calling provider defined Type Validate: tf_mux_provider=*proto5server.Server tf_provider_addr=registry.terraform.io/hashicorp/aws @caller=github.com/hashicorp/terraform-plugin-framework@v1.1.1/internal/fwschemadata/data_value.go:78 tf_rpc=PrepareProviderConfig @module=sdk.framework tf_attribute_path=max_retries tf_req_id=3e108b44-39a3-7aaf-d13a-af014e8d34a2 timestamp=2023-09-13T19:29:27.083+0530
2023-09-13T19:29:27.083+0530 [DEBUG] provider.terraform-provider-aws_v4.60.0_x5: Called provider defined Type Validate: tf_attribute_path=max_retries tf_rpc=PrepareProviderConfig tf_provider_addr=registry.terraform.io/hashicorp/aws tf_req_id=3e108b44-39a3-7aaf-d13a-af014e8d34a2 @caller=github.com/hashicorp/terraform-plugin-framework@v1.1.1/internal/fwschemadata/data_value.go:80 @module=sdk.framework tf_mux_provider=*proto5server.Server timestamp=2023-09-13T19:29:27.083+0530
2023-09-13T19:29:27.083+0530 [DEBUG] provider.terraform-provider-aws_v4.60.0_x5: Calling provider defined Type Validate: tf_attribute_path=shared_config_files tf_mux_provider=*proto5server.Server tf_provider_addr=registry.terraform.io/hashicorp/aws tf_rpc=PrepareProviderConfig @module=sdk.framework tf_req_id=3e108b44-39a3-7aaf-d13a-af014e8d34a2 @caller=github.com/hashicorp/terraform-plugin-framework@v1.1.1/internal/fwschemadata/data_value.go:78 timestamp=2023-09-13T19:29:27.083+0530
2023-09-13T19:29:27.083+0530 [DEBUG] provider.terraform-provider-aws_v4.60.0_x5: Called provider defined Type Validate: tf_rpc=PrepareProviderConfig @module=sdk.framework tf_attribute_path=shared_config_files tf_mux_provider=*proto5server.Server tf_provider_addr=registry.terraform.io/hashicorp/aws tf_req_id=3e108b44-39a3-7aaf-d13a-af014e8d34a2 @caller=github.com/hashicorp/terraform-plugin-framework@v1.1.1/internal/fwschemadata/data_value.go:80 timestamp=2023-09-13T19:29:27.083+0530
2023-09-13T19:29:27.083+0530 [DEBUG] provider.terraform-provider-aws_v4.60.0_x5: Calling provider defined Type Validate: tf_attribute_path=forbidden_account_ids tf_mux_provider=*proto5server.Server tf_rpc=PrepareProviderConfig @caller=github.com/hashicorp/terraform-plugin-framework@v1.1.1/internal/fwschemadata/data_value.go:78 @module=sdk.framework tf_provider_addr=registry.terraform.io/hashicorp/aws tf_req_id=3e108b44-39a3-7aaf-d13a-af014e8d34a2 timestamp=2023-09-13T19:29:27.083+0530
2023-09-13T19:29:27.083+0530 [DEBUG] provider.terraform-provider-aws_v4.60.0_x5: Called provider defined Type Validate: tf_rpc=PrepareProviderConfig @module=sdk.framework tf_attribute_path=forbidden_account_ids tf_req_id=3e108b44-39a3-7aaf-d13a-af014e8d34a2 @caller=github.com/hashicorp/terraform-plugin-framework@v1.1.1/internal/fwschemadata/data_value.go:80 tf_mux_provider=*proto5server.Server tf_provider_addr=registry.terraform.io/hashicorp/aws timestamp=2023-09-13T19:29:27.083+0530
2023-09-13T19:29:27.083+0530 [DEBUG] provider.terraform-provider-aws_v4.60.0_x5: Calling provider defined Type Validate: tf_attribute_path=shared_credentials_files tf_provider_addr=registry.terraform.io/hashicorp/aws tf_req_id=3e108b44-39a3-7aaf-d13a-af014e8d34a2 @caller=github.com/hashicorp/terraform-plugin-framework@v1.1.1/internal/fwschemadata/data_value.go:78 @module=sdk.framework tf_mux_provider=*proto5server.Server tf_rpc=PrepareProviderConfig timestamp=2023-09-13T19:29:27.083+0530
2023-09-13T19:29:27.083+0530 [DEBUG] provider.terraform-provider-aws_v4.60.0_x5: Called provider defined Type Validate: @caller=github.com/hashicorp/terraform-plugin-framework@v1.1.1/internal/fwschemadata/data_value.go:80 @module=sdk.framework tf_mux_provider=*proto5server.Server tf_rpc=PrepareProviderConfig tf_attribute_path=shared_credentials_files tf_provider_addr=registry.terraform.io/hashicorp/aws tf_req_id=3e108b44-39a3-7aaf-d13a-af014e8d34a2 timestamp=2023-09-13T19:29:27.083+0530
2023-09-13T19:29:27.083+0530 [DEBUG] provider.terraform-provider-aws_v4.60.0_x5: Calling provider defined Type Validate: tf_provider_addr=registry.terraform.io/hashicorp/aws tf_rpc=PrepareProviderConfig @module=sdk.framework tf_attribute_path=allowed_account_ids tf_mux_provider=*proto5server.Server tf_req_id=3e108b44-39a3-7aaf-d13a-af014e8d34a2 @caller=github.com/hashicorp/terraform-plugin-framework@v1.1.1/internal/fwschemadata/data_value.go:78 timestamp=2023-09-13T19:29:27.083+0530
2023-09-13T19:29:27.083+0530 [DEBUG] provider.terraform-provider-aws_v4.60.0_x5: Called provider defined Type Validate: @module=sdk.framework tf_mux_provider=*proto5server.Server tf_provider_addr=registry.terraform.io/hashicorp/aws tf_req_id=3e108b44-39a3-7aaf-d13a-af014e8d34a2 @caller=github.com/hashicorp/terraform-plugin-framework@v1.1.1/internal/fwschemadata/data_value.go:80 tf_attribute_path=allowed_account_ids tf_rpc=PrepareProviderConfig timestamp=2023-09-13T19:29:27.083+0530
2023-09-13T19:29:27.083+0530 [DEBUG] provider.terraform-provider-aws_v4.60.0_x5: Calling provider defined Type Validate: @caller=github.com/hashicorp/terraform-plugin-framework@v1.1.1/internal/fwschemadata/data_value.go:78 @module=sdk.framework tf_mux_provider=*proto5server.Server tf_provider_addr=registry.terraform.io/hashicorp/aws tf_req_id=3e108b44-39a3-7aaf-d13a-af014e8d34a2 tf_rpc=PrepareProviderConfig timestamp=2023-09-13T19:29:27.083+0530
2023-09-13T19:29:27.083+0530 [DEBUG] provider.terraform-provider-aws_v4.60.0_x5: Called provider defined Type Validate: @caller=github.com/hashicorp/terraform-plugin-framework@v1.1.1/internal/fwschemadata/data_value.go:80 @module=sdk.framework tf_mux_provider=*proto5server.Server tf_rpc=PrepareProviderConfig tf_provider_addr=registry.terraform.io/hashicorp/aws tf_req_id=3e108b44-39a3-7aaf-d13a-af014e8d34a2 timestamp=2023-09-13T19:29:27.083+0530
2023-09-13T19:29:27.083+0530 [DEBUG] provider.terraform-provider-aws_v4.60.0_x5: Calling provider defined validator.List: description="list must contain at most 1 elements" tf_mux_provider=*proto5server.Server tf_provider_addr=registry.terraform.io/hashicorp/aws tf_req_id=3e108b44-39a3-7aaf-d13a-af014e8d34a2 tf_rpc=PrepareProviderConfig @caller=github.com/hashicorp/terraform-plugin-framework@v1.1.1/internal/fwserver/block_validation.go:214 @module=sdk.framework timestamp=2023-09-13T19:29:27.083+0530
2023-09-13T19:29:27.083+0530 [DEBUG] provider.terraform-provider-aws_v4.60.0_x5: Called provider defined validator.List: tf_mux_provider=*proto5server.Server tf_provider_addr=registry.terraform.io/hashicorp/aws tf_req_id=3e108b44-39a3-7aaf-d13a-af014e8d34a2 @module=sdk.framework description="list must contain at most 1 elements" tf_rpc=PrepareProviderConfig @caller=github.com/hashicorp/terraform-plugin-framework@v1.1.1/internal/fwserver/block_validation.go:224 timestamp=2023-09-13T19:29:27.083+0530
2023-09-13T19:29:27.083+0530 [DEBUG] provider.terraform-provider-aws_v4.60.0_x5: Calling provider defined Type Validate: tf_provider_addr=registry.terraform.io/hashicorp/aws tf_req_id=3e108b44-39a3-7aaf-d13a-af014e8d34a2 tf_rpc=PrepareProviderConfig @module=sdk.framework tf_mux_provider=*proto5server.Server @caller=github.com/hashicorp/terraform-plugin-framework@v1.1.1/internal/fwschemadata/data_value.go:78 timestamp=2023-09-13T19:29:27.083+0530
2023-09-13T19:29:27.083+0530 [DEBUG] provider.terraform-provider-aws_v4.60.0_x5: Called provider defined Type Validate: tf_provider_addr=registry.terraform.io/hashicorp/aws tf_req_id=3e108b44-39a3-7aaf-d13a-af014e8d34a2 @caller=github.com/hashicorp/terraform-plugin-framework@v1.1.1/internal/fwschemadata/data_value.go:80 tf_mux_provider=*proto5server.Server tf_rpc=PrepareProviderConfig @module=sdk.framework timestamp=2023-09-13T19:29:27.083+0530
2023-09-13T19:29:27.083+0530 [DEBUG] provider.terraform-provider-aws_v4.60.0_x5: Calling provider defined Type Validate: @caller=github.com/hashicorp/terraform-plugin-framework@v1.1.1/internal/fwschemadata/data_value.go:78 tf_req_id=3e108b44-39a3-7aaf-d13a-af014e8d34a2 tf_rpc=PrepareProviderConfig @module=sdk.framework tf_mux_provider=*proto5server.Server tf_provider_addr=registry.terraform.io/hashicorp/aws timestamp=2023-09-13T19:29:27.083+0530
2023-09-13T19:29:27.083+0530 [DEBUG] provider.terraform-provider-aws_v4.60.0_x5: Called provider defined Type Validate: tf_mux_provider=*proto5server.Server tf_req_id=3e108b44-39a3-7aaf-d13a-af014e8d34a2 tf_provider_addr=registry.terraform.io/hashicorp/aws tf_rpc=PrepareProviderConfig @caller=github.com/hashicorp/terraform-plugin-framework@v1.1.1/internal/fwschemadata/data_value.go:80 @module=sdk.framework timestamp=2023-09-13T19:29:27.083+0530
2023-09-13T19:29:27.083+0530 [DEBUG] provider.terraform-provider-aws_v4.60.0_x5: Calling provider defined validator.List: description="list must contain at most 1 elements" tf_mux_provider=*proto5server.Server tf_provider_addr=registry.terraform.io/hashicorp/aws tf_rpc=PrepareProviderConfig @caller=github.com/hashicorp/terraform-plugin-framework@v1.1.1/internal/fwserver/block_validation.go:214 @module=sdk.framework tf_req_id=3e108b44-39a3-7aaf-d13a-af014e8d34a2 timestamp=2023-09-13T19:29:27.083+0530
2023-09-13T19:29:27.083+0530 [DEBUG] provider.terraform-provider-aws_v4.60.0_x5: Called provider defined validator.List: tf_mux_provider=*proto5server.Server tf_provider_addr=registry.terraform.io/hashicorp/aws tf_req_id=3e108b44-39a3-7aaf-d13a-af014e8d34a2 tf_rpc=PrepareProviderConfig @module=sdk.framework description="list must contain at most 1 elements" @caller=github.com/hashicorp/terraform-plugin-framework@v1.1.1/internal/fwserver/block_validation.go:224 timestamp=2023-09-13T19:29:27.083+0530
2023-09-13T19:29:27.083+0530 [DEBUG] provider.terraform-provider-aws_v4.60.0_x5: Calling provider defined Type Validate: tf_mux_provider=*proto5server.Server tf_provider_addr=registry.terraform.io/hashicorp/aws tf_rpc=PrepareProviderConfig @caller=github.com/hashicorp/terraform-plugin-framework@v1.1.1/internal/fwschemadata/data_value.go:78 @module=sdk.framework tf_req_id=3e108b44-39a3-7aaf-d13a-af014e8d34a2 timestamp=2023-09-13T19:29:27.083+0530
2023-09-13T19:29:27.083+0530 [DEBUG] provider.terraform-provider-aws_v4.60.0_x5: Called provider defined Type Validate: @module=sdk.framework tf_rpc=PrepareProviderConfig tf_mux_provider=*proto5server.Server tf_provider_addr=registry.terraform.io/hashicorp/aws tf_req_id=3e108b44-39a3-7aaf-d13a-af014e8d34a2 @caller=github.com/hashicorp/terraform-plugin-framework@v1.1.1/internal/fwschemadata/data_value.go:80 timestamp=2023-09-13T19:29:27.083+0530
2023-09-13T19:29:27.083+0530 [DEBUG] provider.terraform-provider-aws_v4.60.0_x5: Calling provider defined validator.List: @caller=github.com/hashicorp/terraform-plugin-framework@v1.1.1/internal/fwserver/block_validation.go:214 tf_mux_provider=*proto5server.Server tf_provider_addr=registry.terraform.io/hashicorp/aws tf_rpc=PrepareProviderConfig @module=sdk.framework description="list must contain at most 1 elements" tf_req_id=3e108b44-39a3-7aaf-d13a-af014e8d34a2 timestamp=2023-09-13T19:29:27.083+0530
2023-09-13T19:29:27.083+0530 [DEBUG] provider.terraform-provider-aws_v4.60.0_x5: Called provider defined validator.List: @caller=github.com/hashicorp/terraform-plugin-framework@v1.1.1/internal/fwserver/block_validation.go:224 @module=sdk.framework tf_mux_provider=*proto5server.Server tf_req_id=3e108b44-39a3-7aaf-d13a-af014e8d34a2 tf_provider_addr=registry.terraform.io/hashicorp/aws tf_rpc=PrepareProviderConfig description="list must contain at most 1 elements" timestamp=2023-09-13T19:29:27.083+0530
2023-09-13T19:29:27.083+0530 [DEBUG] provider.terraform-provider-aws_v4.60.0_x5: Calling provider defined Type Validate: tf_mux_provider=*proto5server.Server tf_req_id=3e108b44-39a3-7aaf-d13a-af014e8d34a2 tf_rpc=PrepareProviderConfig @caller=github.com/hashicorp/terraform-plugin-framework@v1.1.1/internal/fwschemadata/data_value.go:78 @module=sdk.framework tf_provider_addr=registry.terraform.io/hashicorp/aws timestamp=2023-09-13T19:29:27.083+0530
2023-09-13T19:29:27.083+0530 [DEBUG] provider.terraform-provider-aws_v4.60.0_x5: Called provider defined Type Validate: @caller=github.com/hashicorp/terraform-plugin-framework@v1.1.1/internal/fwschemadata/data_value.go:80 tf_provider_addr=registry.terraform.io/hashicorp/aws tf_req_id=3e108b44-39a3-7aaf-d13a-af014e8d34a2 @module=sdk.framework tf_mux_provider=*proto5server.Server tf_rpc=PrepareProviderConfig timestamp=2023-09-13T19:29:27.083+0530
2023-09-13T19:29:27.083+0530 [DEBUG] provider.terraform-provider-aws_v4.60.0_x5: Calling provider defined validator.List: tf_mux_provider=*proto5server.Server tf_provider_addr=registry.terraform.io/hashicorp/aws @caller=github.com/hashicorp/terraform-plugin-framework@v1.1.1/internal/fwserver/block_validation.go:214 @module=sdk.framework description="list must contain at most 1 elements" tf_req_id=3e108b44-39a3-7aaf-d13a-af014e8d34a2 tf_rpc=PrepareProviderConfig timestamp=2023-09-13T19:29:27.083+0530
2023-09-13T19:29:27.083+0530 [DEBUG] provider.terraform-provider-aws_v4.60.0_x5: Called provider defined validator.List: tf_req_id=3e108b44-39a3-7aaf-d13a-af014e8d34a2 tf_rpc=PrepareProviderConfig @caller=github.com/hashicorp/terraform-plugin-framework@v1.1.1/internal/fwserver/block_validation.go:224 @module=sdk.framework description="list must contain at most 1 elements" tf_mux_provider=*proto5server.Server tf_provider_addr=registry.terraform.io/hashicorp/aws timestamp=2023-09-13T19:29:27.083+0530
2023-09-13T19:29:27.086+0530 [DEBUG] provider.terraform-provider-aws_v4.60.0_x5: Configuring Terraform AWS Provider: @caller=github.com/hashicorp/terraform-provider-aws/internal/conns/config.go:133 @module=aws tf_rpc=ConfigureProvider tf_mux_provider=*schema.GRPCProviderServer tf_provider_addr=registry.terraform.io/hashicorp/aws tf_req_id=2c8f2928-f890-a7df-8902-5b127d8f6c2e timestamp=2023-09-13T19:29:27.085+0530
2023-09-13T19:29:27.086+0530 [DEBUG] provider.terraform-provider-aws_v4.60.0_x5: Resolving credentials provider: @module=aws.aws-base tf_mux_provider=*schema.GRPCProviderServer tf_provider_addr=registry.terraform.io/hashicorp/aws @caller=github.com/hashicorp/aws-sdk-go-base/v2@v2.0.0-beta.25/logging/logger.go:41 tf_req_id=2c8f2928-f890-a7df-8902-5b127d8f6c2e tf_rpc=ConfigureProvider timestamp=2023-09-13T19:29:27.086+0530
2023-09-13T19:29:27.086+0530 [DEBUG] provider.terraform-provider-aws_v4.60.0_x5: Using profile: tf_aws.profile.source=provider tf_mux_provider=*schema.GRPCProviderServer tf_provider_addr=registry.terraform.io/hashicorp/aws tf_req_id=2c8f2928-f890-a7df-8902-5b127d8f6c2e @caller=github.com/hashicorp/aws-sdk-go-base/v2@v2.0.0-beta.25/logging/logger.go:41 @module=aws.aws-base tf_aws.profile=terraform tf_rpc=ConfigureProvider timestamp=2023-09-13T19:29:27.086+0530
2023-09-13T19:29:27.086+0530 [DEBUG] provider.terraform-provider-aws_v4.60.0_x5: Using shared credentials files: @caller=github.com/hashicorp/aws-sdk-go-base/v2@v2.0.0-beta.25/logging/logger.go:41 @module=aws.aws-base tf_aws.shared_credentials_files=["/home/tej/Documents/Documents/AWSwithTF/.aws/credentials"] tf_aws.shared_credentials_files.source=provider tf_mux_provider=*schema.GRPCProviderServer tf_req_id=2c8f2928-f890-a7df-8902-5b127d8f6c2e tf_rpc=ConfigureProvider tf_provider_addr=registry.terraform.io/hashicorp/aws timestamp=2023-09-13T19:29:27.086+0530
2023-09-13T19:29:27.086+0530 [DEBUG] provider.terraform-provider-aws_v4.60.0_x5: Loading profile: tf_provider_addr=registry.terraform.io/hashicorp/aws tf_req_id=2c8f2928-f890-a7df-8902-5b127d8f6c2e tf_rpc=ConfigureProvider @module=aws.aws-base tf_mux_provider=*schema.GRPCProviderServer @caller=github.com/hashicorp/aws-sdk-go-base/v2@v2.0.0-beta.25/logging/logger.go:41 tf_aws.profile=terraform timestamp=2023-09-13T19:29:27.086+0530
2023-09-13T19:29:27.086+0530 [DEBUG] provider.terraform-provider-aws_v4.60.0_x5: Setting profile: tf_mux_provider=*schema.GRPCProviderServer tf_req_id=2c8f2928-f890-a7df-8902-5b127d8f6c2e tf_rpc=ConfigureProvider @caller=github.com/hashicorp/aws-sdk-go-base/v2@v2.0.0-beta.25/logging/logger.go:41 @module=aws.aws-base tf_aws.profile=terraform tf_aws.profile.source=provider tf_provider_addr=registry.terraform.io/hashicorp/aws timestamp=2023-09-13T19:29:27.086+0530
2023-09-13T19:29:27.086+0530 [DEBUG] provider.terraform-provider-aws_v4.60.0_x5: Loading configuration: tf_rpc=ConfigureProvider @caller=github.com/hashicorp/aws-sdk-go-base/v2@v2.0.0-beta.25/logging/logger.go:41 @module=aws.aws-base tf_mux_provider=*schema.GRPCProviderServer tf_provider_addr=registry.terraform.io/hashicorp/aws tf_req_id=2c8f2928-f890-a7df-8902-5b127d8f6c2e timestamp=2023-09-13T19:29:27.086+0530
2023-09-13T19:29:27.086+0530 [DEBUG] provider.terraform-provider-aws_v4.60.0_x5: Retrieving credentials: tf_mux_provider=*schema.GRPCProviderServer tf_provider_addr=registry.terraform.io/hashicorp/aws tf_req_id=2c8f2928-f890-a7df-8902-5b127d8f6c2e tf_rpc=ConfigureProvider @module=aws.aws-base @caller=github.com/hashicorp/aws-sdk-go-base/v2@v2.0.0-beta.25/logging/logger.go:41 timestamp=2023-09-13T19:29:27.086+0530
2023-09-13T19:29:27.086+0530 [DEBUG] provider.terraform-provider-aws_v4.60.0_x5: HTTP Request Sent: aws.service= http.request.header.x_aws_ec2_metadata_token_ttl_seconds=300 http.url=http://169.254.169.254/latest/api/token tf_mux_provider=*schema.GRPCProviderServer @caller=github.com/hashicorp/aws-sdk-go-base/v2@v2.0.0-beta.25/logging/logger.go:41 aws.operation= aws.region= http.request.body= tf_provider_addr=registry.terraform.io/hashicorp/aws tf_req_id=2c8f2928-f890-a7df-8902-5b127d8f6c2e aws.sdk=aws-sdk-go-v2 http.method=PUT http.user_agent="APN/1.0 HashiCorp/1.0 Terraform/1.5.6 (+https://www.terraform.io) terraform-provider-aws/4.60.0 (+https://registry.terraform.io/providers/hashicorp/aws) aws-sdk-go-v2/1.17.7 os/linux lang/go/1.19.7 md/GOOS/linux md/GOARCH/amd64 ft/ec2-imds" net.peer.name=169.254.169.254 @module=aws.aws-base http.request.header.amz_sdk_request="attempt=1; max=3" tf_rpc=ConfigureProvider timestamp=2023-09-13T19:29:27.086+0530
2023-09-13T19:29:28.338+0530 [DEBUG] provider.terraform-provider-aws_v4.60.0_x5: retrying request /, attempt 2: @module=aws.aws-base tf_rpc=ConfigureProvider @caller=github.com/hashicorp/aws-sdk-go-base/v2@v2.0.0-beta.25/logging/logger.go:41 tf_mux_provider=*schema.GRPCProviderServer tf_provider_addr=registry.terraform.io/hashicorp/aws tf_req_id=2c8f2928-f890-a7df-8902-5b127d8f6c2e timestamp=2023-09-13T19:29:28.337+0530
2023-09-13T19:29:28.340+0530 [DEBUG] provider.terraform-provider-aws_v4.60.0_x5: HTTP Request Sent: aws.operation= http.method=PUT tf_mux_provider=*schema.GRPCProviderServer tf_req_id=2c8f2928-f890-a7df-8902-5b127d8f6c2e http.request.body= http.resend_count=2 http.url=http://169.254.169.254/latest/api/token net.peer.name=169.254.169.254 tf_provider_addr=registry.terraform.io/hashicorp/aws http.request.header.amz_sdk_request="attempt=2; max=3" http.request.header.x_aws_ec2_metadata_token_ttl_seconds=300 aws.sdk=aws-sdk-go-v2 aws.service= http.user_agent="APN/1.0 HashiCorp/1.0 Terraform/1.5.6 (+https://www.terraform.io) terraform-provider-aws/4.60.0 (+https://registry.terraform.io/providers/hashicorp/aws) aws-sdk-go-v2/1.17.7 os/linux lang/go/1.19.7 md/GOOS/linux md/GOARCH/amd64 ft/ec2-imds" tf_rpc=ConfigureProvider @caller=github.com/hashicorp/aws-sdk-go-base/v2@v2.0.0-beta.25/logging/logger.go:41 @module=aws.aws-base aws.region= timestamp=2023-09-13T19:29:28.339+0530
2023-09-13T19:29:29.592+0530 [DEBUG] provider.terraform-provider-aws_v4.60.0_x5: retrying request /, attempt 3: @caller=github.com/hashicorp/aws-sdk-go-base/v2@v2.0.0-beta.25/logging/logger.go:41 @module=aws.aws-base tf_rpc=ConfigureProvider tf_mux_provider=*schema.GRPCProviderServer tf_provider_addr=registry.terraform.io/hashicorp/aws tf_req_id=2c8f2928-f890-a7df-8902-5b127d8f6c2e timestamp=2023-09-13T19:29:29.591+0530
2023-09-13T19:29:29.593+0530 [DEBUG] provider.terraform-provider-aws_v4.60.0_x5: HTTP Request Sent: aws.region= http.method=PUT http.request.header.amz_sdk_request="attempt=3; max=3" http.resend_count=3 http.user_agent="APN/1.0 HashiCorp/1.0 Terraform/1.5.6 (+https://www.terraform.io) terraform-provider-aws/4.60.0 (+https://registry.terraform.io/providers/hashicorp/aws) aws-sdk-go-v2/1.17.7 os/linux lang/go/1.19.7 md/GOOS/linux md/GOARCH/amd64 ft/ec2-imds" aws.service= http.request.body= http.url=http://169.254.169.254/latest/api/token net.peer.name=169.254.169.254 tf_mux_provider=*schema.GRPCProviderServer tf_rpc=ConfigureProvider @caller=github.com/hashicorp/aws-sdk-go-base/v2@v2.0.0-beta.25/logging/logger.go:41 @module=aws.aws-base aws.sdk=aws-sdk-go-v2 http.request.header.x_aws_ec2_metadata_token_ttl_seconds=300 tf_provider_addr=registry.terraform.io/hashicorp/aws tf_req_id=2c8f2928-f890-a7df-8902-5b127d8f6c2e aws.operation= timestamp=2023-09-13T19:29:29.593+0530
2023-09-13T19:29:29.845+0530 [DEBUG] provider.terraform-provider-aws_v4.60.0_x5: max retry attempts exhausted, max 3: tf_req_id=2c8f2928-f890-a7df-8902-5b127d8f6c2e tf_mux_provider=*schema.GRPCProviderServer tf_provider_addr=registry.terraform.io/hashicorp/aws tf_rpc=ConfigureProvider @caller=github.com/hashicorp/aws-sdk-go-base/v2@v2.0.0-beta.25/logging/logger.go:41 @module=aws.aws-base timestamp=2023-09-13T19:29:29.844+0530
2023-09-13T19:29:29.845+0530 [DEBUG] provider.terraform-provider-aws_v4.60.0_x5: HTTP Request Sent: aws.operation= http.method=GET http.url=http://169.254.169.254/latest/meta-data/iam/security-credentials/ tf_rpc=ConfigureProvider aws.service= http.request.body= net.peer.name=169.254.169.254 tf_provider_addr=registry.terraform.io/hashicorp/aws aws.sdk=aws-sdk-go-v2 tf_mux_provider=*schema.GRPCProviderServer tf_req_id=2c8f2928-f890-a7df-8902-5b127d8f6c2e @caller=github.com/hashicorp/aws-sdk-go-base/v2@v2.0.0-beta.25/logging/logger.go:41 @module=aws.aws-base aws.region= http.request.header.amz_sdk_request="attempt=1; max=3" http.user_agent="APN/1.0 HashiCorp/1.0 Terraform/1.5.6 (+https://www.terraform.io) terraform-provider-aws/4.60.0 (+https://registry.terraform.io/providers/hashicorp/aws) aws-sdk-go-v2/1.17.7 os/linux lang/go/1.19.7 md/GOOS/linux md/GOARCH/amd64 ft/ec2-imds" timestamp=2023-09-13T19:29:29.845+0530
2023-09-13T19:29:31.097+0530 [DEBUG] provider.terraform-provider-aws_v4.60.0_x5: retrying request /, attempt 2: tf_req_id=2c8f2928-f890-a7df-8902-5b127d8f6c2e @caller=github.com/hashicorp/aws-sdk-go-base/v2@v2.0.0-beta.25/logging/logger.go:41 @module=aws.aws-base tf_mux_provider=*schema.GRPCProviderServer tf_provider_addr=registry.terraform.io/hashicorp/aws tf_rpc=ConfigureProvider timestamp=2023-09-13T19:29:31.097+0530
2023-09-13T19:29:31.098+0530 [DEBUG] provider.terraform-provider-aws_v4.60.0_x5: HTTP Request Sent: aws.operation= aws.sdk=aws-sdk-go-v2 aws.service= tf_provider_addr=registry.terraform.io/hashicorp/aws tf_rpc=ConfigureProvider @module=aws.aws-base http.method=GET http.url=http://169.254.169.254/latest/meta-data/iam/security-credentials/ http.user_agent="APN/1.0 HashiCorp/1.0 Terraform/1.5.6 (+https://www.terraform.io) terraform-provider-aws/4.60.0 (+https://registry.terraform.io/providers/hashicorp/aws) aws-sdk-go-v2/1.17.7 os/linux lang/go/1.19.7 md/GOOS/linux md/GOARCH/amd64 ft/ec2-imds" tf_mux_provider=*schema.GRPCProviderServer aws.region= net.peer.name=169.254.169.254 tf_req_id=2c8f2928-f890-a7df-8902-5b127d8f6c2e http.request.header.amz_sdk_request="attempt=2; max=3" http.resend_count=2 @caller=github.com/hashicorp/aws-sdk-go-base/v2@v2.0.0-beta.25/logging/logger.go:41 http.request.body= timestamp=2023-09-13T19:29:31.098+0530
2023-09-13T19:29:32.087+0530 [ERROR] provider.terraform-provider-aws_v4.60.0_x5: Response contains error diagnostic: diagnostic_detail= diagnostic_summary="configuring Terraform AWS Provider: no valid credential sources for Terraform AWS Provider found.

Please see https://registry.terraform.io/providers/hashicorp/aws
for more information about providing credentials.

AWS Error: failed to refresh cached credentials, no EC2 IMDS role found, operation error ec2imds: GetMetadata, request canceled, context deadline exceeded
" tf_proto_version=5.3 tf_provider_addr=registry.terraform.io/hashicorp/aws @caller=github.com/hashicorp/terraform-plugin-go@v0.14.3/tfprotov5/internal/diag/diagnostics.go:55 @module=sdk.proto diagnostic_severity=ERROR tf_req_id=2c8f2928-f890-a7df-8902-5b127d8f6c2e tf_rpc=Configure timestamp=2023-09-13T19:29:32.087+0530
2023-09-13T19:29:32.089+0530 [ERROR] vertex "provider[\"registry.terraform.io/hashicorp/aws\"]" error: configuring Terraform AWS Provider: no valid credential sources for Terraform AWS Provider found.

Please see https://registry.terraform.io/providers/hashicorp/aws
for more information about providing credentials.

AWS Error: failed to refresh cached credentials, no EC2 IMDS role found, operation error ec2imds: GetMetadata, request canceled, context deadline exceeded
2023-09-13T19:29:32.090+0530 [INFO]  backend/local: plan operation completed
2023-09-13T19:29:32.122+0530 [DEBUG] provider.stdio: received EOF, stopping recv loop: err="rpc error: code = Unavailable desc = error reading from server: EOF"
2023-09-13T19:29:32.130+0530 [DEBUG] provider: plugin process exited: path=.terraform/providers/registry.terraform.io/hashicorp/aws/4.60.0/linux_amd64/terraform-provider-aws_v4.60.0_x5 pid=10247
2023-09-13T19:29:32.130+0530 [DEBUG] provider: plugin exited
